<?xml version="1.0" encoding="UTF-8"?>
<!-- Generated by org.testng.reporters.JUnitXMLReporter -->
<testsuite hostname="LAPTOP-BGDGB5BJ" ignored="0" name="Ecommerce Application Test" tests="3" failures="0" timestamp="2020-10-17T12:47:26 IST" time="75.256" errors="0">
  <testcase name="verifylogin" time="12.029" classname="com.Mytest.LoginTest"/>
  <testcase name="VerifyPDP" time="5.547" classname="com.Mytest.HomeTest"/>
  <testcase name="Verifyplpdetails" time="2.529" classname="com.Mytest.HomeTest"/>
</testsuite> <!-- Ecommerce Application Test -->
