<?xml version="1.0" encoding="UTF-8"?>
<!-- Generated by org.testng.reporters.JUnitXMLReporter -->
<testsuite hostname="LAPTOP-BGDGB5BJ" ignored="3" name="Ecommerce Application Test" tests="3" failures="0" timestamp="2020-10-26T09:40:06 IST" time="84.366" errors="0">
  <testcase name="verifylogin" time="10.463" classname="com.Mytest.LoginTest"/>
  <testcase name="Verifyplpdetails" time="4.919" classname="com.Mytest.HomeTest"/>
  <testcase name="VerifyPLP" time="5.735" classname="com.Mytest.HomeTest"/>
  <testcase name="getquickviewdetails" time="0.0" classname="com.Mytest.HomeTest">
    <ignored/>
  </testcase> <!-- getquickviewdetails -->
  <testcase name="@AfterTest onFinish" time="0.0" classname="com.Mytest.BasetTest">
    <ignored/>
  </testcase> <!-- @AfterTest onFinish -->
  <testcase name="@BeforeTest config" time="0.0" classname="com.Mytest.BasetTest">
    <ignored/>
  </testcase> <!-- @BeforeTest config -->
</testsuite> <!-- Ecommerce Application Test -->
